Using pre-set license
Built from '6000.0/staging' branch; Version is '6000.0.32f1 (b2e806cf271c) revision 11724806'; Using compiler version '193933523'; Build Type 'Release'
OS: 'Windows 10  (10.0.19045) 64bit Professional' Language: 'en' Physical Memory: 31904 MB
BatchMode: 1, IsHumanControllingUs: 0, StartBugReporterOnCrash: 0, Is64bit: 1, IsPro: 1

COMMAND LINE ARGUMENTS:
C:\Program Files\Unity\Hub\Editor\6000.0.32f1\Editor\Unity.exe
-adb2
-batchMode
-noUpm
-name
AssetImportWorker2
-projectPath
D:/JC Media Group/UNITY Projects/KOTT News IRS 10MTS - Phase Three Adding SPUM
-logFile
Logs/AssetImportWorker2.log
-srvPort
50289
-job-worker-count
7
-background-job-worker-count
8
-gc-helper-count
1
Successfully changed project path to: D:/JC Media Group/UNITY Projects/KOTT News IRS 10MTS - Phase Three Adding SPUM
D:/JC Media Group/UNITY Projects/KOTT News IRS 10MTS - Phase Three Adding SPUM
[UnityMemory] Configuration Parameters - Can be set up in boot.config
    "memorysetup-bucket-allocator-granularity=16"
    "memorysetup-bucket-allocator-bucket-count=8"
    "memorysetup-bucket-allocator-block-size=33554432"
    "memorysetup-bucket-allocator-block-count=8"
    "memorysetup-main-allocator-block-size=16777216"
    "memorysetup-thread-allocator-block-size=16777216"
    "memorysetup-gfx-main-allocator-block-size=16777216"
    "memorysetup-gfx-thread-allocator-block-size=16777216"
    "memorysetup-cache-allocator-block-size=4194304"
    "memorysetup-typetree-allocator-block-size=2097152"
    "memorysetup-profiler-bucket-allocator-granularity=16"
    "memorysetup-profiler-bucket-allocator-bucket-count=8"
    "memorysetup-profiler-bucket-allocator-block-size=33554432"
    "memorysetup-profiler-bucket-allocator-block-count=8"
    "memorysetup-profiler-allocator-block-size=16777216"
    "memorysetup-profiler-editor-allocator-block-size=1048576"
    "memorysetup-temp-allocator-size-main=16777216"
    "memorysetup-job-temp-allocator-block-size=2097152"
    "memorysetup-job-temp-allocator-block-size-background=1048576"
    "memorysetup-job-temp-allocator-reduction-small-platforms=262144"
    "memorysetup-allocator-temp-initial-block-size-main=262144"
    "memorysetup-allocator-temp-initial-block-size-worker=262144"
    "memorysetup-temp-allocator-size-background-worker=32768"
    "memorysetup-temp-allocator-size-job-worker=262144"
    "memorysetup-temp-allocator-size-preload-manager=33554432"
    "memorysetup-temp-allocator-size-nav-mesh-worker=65536"
    "memorysetup-temp-allocator-size-audio-worker=65536"
    "memorysetup-temp-allocator-size-cloud-worker=32768"
    "memorysetup-temp-allocator-size-gi-baking-worker=262144"
    "memorysetup-temp-allocator-size-gi-baking-worker=262144"
    "memorysetup-temp-allocator-size-gi-baking-worker=262144"
    "memorysetup-temp-allocator-size-gi-baking-worker=262144"
    "memorysetup-temp-allocator-size-gi-baking-worker=262144"
    "memorysetup-temp-allocator-size-gfx=262144"
Player connection [5088]  Target information:

Player connection [5088]  * "[IP] 192.168.50.37 [Port] 0 [Flags] 2 [Guid] 1536322844 [EditorId] 1536322844 [Version] 1048832 [Id] WindowsEditor(7,DESKTOP-LTRCK6L) [Debug] 1 [PackageName] WindowsEditor [ProjectName] Editor" 

Player connection [5088] Host joined multi-casting on [225.0.0.222:54997]...
Player connection [5088] Host joined alternative multi-casting on [225.0.0.222:34997]...
JobSystem: Creating JobQueue using job-worker-count value 7
[Physics::Module] Initialized fallback backend.
[Physics::Module] Id: 0xdecafbad
Library Redirect Path: Library/
[Physics::Module] Selected backend.
[Physics::Module] Name: PhysX
[Physics::Module] Id: 0xf2b8ea05
[Physics::Module] SDK Version: 4.1.2
[Physics::Module] Integration Version: 1.0.0
[Physics::Module] Threading Mode: Multi-Threaded
Refreshing native plugins compatible for Editor in 1.58 ms, found 4 plugins.
Preloading 0 native plugins for Editor in 0.00 ms.
Initialize engine version: 6000.0.32f1 (b2e806cf271c)
[Subsystems] Discovering subsystems at path C:/Program Files/Unity/Hub/Editor/6000.0.32f1/Editor/Data/Resources/UnitySubsystems
[Subsystems] Discovering subsystems at path D:/JC Media Group/UNITY Projects/KOTT News IRS 10MTS - Phase Three Adding SPUM/Assets
GfxDevice: creating device client; kGfxThreadingModeNonThreaded
Direct3D:
    Version:  Direct3D 11.0 [level 11.1]
    Renderer: AMD Radeon RX 7900 XTX (ID=0x744c)
    Vendor:   ATI
    VRAM:     24511 MB
    Driver:   32.0.11027.2001
Initialize mono
Mono path[0] = 'C:/Program Files/Unity/Hub/Editor/6000.0.32f1/Editor/Data/Managed'
Mono path[1] = 'C:/Program Files/Unity/Hub/Editor/6000.0.32f1/Editor/Data/MonoBleedingEdge/lib/mono/unityjit-win32'
Mono config path = 'C:/Program Files/Unity/Hub/Editor/6000.0.32f1/Editor/Data/MonoBleedingEdge/etc'
Using monoOptions --debugger-agent=transport=dt_socket,embedding=1,server=y,suspend=n,address=127.0.0.1:56632
Begin MonoManager ReloadAssembly
Registering precompiled unity dll's ...
Register platform support module: C:/Program Files/Unity/Hub/Editor/6000.0.32f1/Editor/Data/PlaybackEngines/WebGLSupport/UnityEditor.WebGL.Extensions.dll
Register platform support module: C:/Program Files/Unity/Hub/Editor/6000.0.32f1/Editor/Data/PlaybackEngines/WindowsStandaloneSupport/UnityEditor.WindowsStandalone.Extensions.dll
Registered in 0.002782 seconds.
- Loaded All Assemblies, in  0.255 seconds
Native extension for WindowsStandalone target not found
Native extension for WebGL target not found
Mono: successfully reloaded assembly
- Finished resetting the current domain, in  0.193 seconds
Domain Reload Profiling: 446ms
	BeginReloadAssembly (88ms)
		ExecutionOrderSort (0ms)
		DisableScriptedObjects (0ms)
		BackupInstance (0ms)
		ReleaseScriptingObjects (0ms)
		CreateAndSetChildDomain (0ms)
	RebuildCommonClasses (23ms)
	RebuildNativeTypeToScriptingClass (11ms)
	initialDomainReloadingComplete (34ms)
	LoadAllAssembliesAndSetupDomain (96ms)
		LoadAssemblies (86ms)
		RebuildTransferFunctionScriptingTraits (0ms)
		AnalyzeDomain (94ms)
			TypeCache.Refresh (94ms)
				TypeCache.ScanAssembly (86ms)
			BuildScriptInfoCaches (0ms)
			ResolveRequiredComponents (0ms)
	FinalizeReload (194ms)
		ReleaseScriptCaches (0ms)
		RebuildScriptCaches (0ms)
		SetupLoadedEditorAssemblies (164ms)
			LogAssemblyErrors (0ms)
			InitializePlatformSupportModulesInManaged (15ms)
			SetLoadedEditorAssemblies (3ms)
			BeforeProcessingInitializeOnLoad (31ms)
			ProcessInitializeOnLoadAttributes (85ms)
			ProcessInitializeOnLoadMethodAttributes (30ms)
			AfterProcessingInitializeOnLoad (0ms)
			EditorAssembliesLoaded (0ms)
		ExecutionOrderSort2 (0ms)
		AwakeInstancesAfterBackupRestoration (0ms)
========================================================================
Worker process is ready to serve import requests
Import Worker Mode flag is 0x00
Begin MonoManager ReloadAssembly
- Loaded All Assemblies, in  0.486 seconds
Refreshing native plugins compatible for Editor in 0.74 ms, found 4 plugins.
Native extension for WindowsStandalone target not found
Native extension for WebGL target not found
Mono: successfully reloaded assembly
- Finished resetting the current domain, in  0.491 seconds
Domain Reload Profiling: 976ms
	BeginReloadAssembly (104ms)
		ExecutionOrderSort (0ms)
		DisableScriptedObjects (4ms)
		BackupInstance (0ms)
		ReleaseScriptingObjects (0ms)
		CreateAndSetChildDomain (20ms)
	RebuildCommonClasses (21ms)
	RebuildNativeTypeToScriptingClass (8ms)
	initialDomainReloadingComplete (23ms)
	LoadAllAssembliesAndSetupDomain (327ms)
		LoadAssemblies (207ms)
		RebuildTransferFunctionScriptingTraits (0ms)
		AnalyzeDomain (181ms)
			TypeCache.Refresh (116ms)
				TypeCache.ScanAssembly (106ms)
			BuildScriptInfoCaches (56ms)
			ResolveRequiredComponents (8ms)
	FinalizeReload (492ms)
		ReleaseScriptCaches (0ms)
		RebuildScriptCaches (0ms)
		SetupLoadedEditorAssemblies (411ms)
			LogAssemblyErrors (0ms)
			InitializePlatformSupportModulesInManaged (2ms)
			SetLoadedEditorAssemblies (4ms)
			BeforeProcessingInitializeOnLoad (75ms)
			ProcessInitializeOnLoadAttributes (260ms)
			ProcessInitializeOnLoadMethodAttributes (66ms)
			AfterProcessingInitializeOnLoad (4ms)
			EditorAssembliesLoaded (0ms)
		ExecutionOrderSort2 (0ms)
		AwakeInstancesAfterBackupRestoration (4ms)
Launched and connected shader compiler UnityShaderCompiler.exe after 0.02 seconds
Refreshing native plugins compatible for Editor in 0.73 ms, found 4 plugins.
Preloading 0 native plugins for Editor in 0.00 ms.
Unloading 219 Unused Serialized files (Serialized files now loaded: 0)
Unloading 6626 unused Assets / (3.8 MB). Loaded Objects now: 7319.
Memory consumption went from 180.5 MB to 176.6 MB.
Total: 5.749700 ms (FindLiveObjects: 0.538200 ms CreateObjectMapping: 0.241700 ms MarkObjects: 3.625300 ms  DeleteObjects: 1.344000 ms)

========================================================================
Received Import Request.
  Time since last request: 147200.441259 seconds.
  path: Assets/SPUM/Resources/Addons/Legacy/0_Unit/0_Sprite/6_Weapons/1_Axe/Axe_1.png
  artifactKey: Guid(f17058e2bd3c44745bd37eb71c41adf1) Importer(815301076,1909f56bfc062723c751e8b465ee728b)
Start importing Assets/SPUM/Resources/Addons/Legacy/0_Unit/0_Sprite/6_Weapons/1_Axe/Axe_1.png using Guid(f17058e2bd3c44745bd37eb71c41adf1) Importer(815301076,1909f56bfc062723c751e8b465ee728b) (PreviewImporter) -> (artifact id: 'dd079e316206804d6c79aa061c7e9936') in 0.0687968 seconds
Number of updated asset objects reloaded before import = 0Number of asset objects unloaded after import = 3

========================================================================
Received Import Request.
  Time since last request: 0.330070 seconds.
  path: Assets/SPUM/Basic_Resources/Backup_Eye7/Eye9.png
  artifactKey: Guid(402f238b8c56b4048b702b97d020744d) Importer(815301076,1909f56bfc062723c751e8b465ee728b)
Start importing Assets/SPUM/Basic_Resources/Backup_Eye7/Eye9.png using Guid(402f238b8c56b4048b702b97d020744d) Importer(815301076,1909f56bfc062723c751e8b465ee728b) (PreviewImporter) -> (artifact id: '13e8fefedb341ea1faa970652b0c4d4c') in 0.0163098 seconds
Number of updated asset objects reloaded before import = 0Number of asset objects unloaded after import = 4

========================================================================
Received Import Request.
  Time since last request: 0.019363 seconds.
  path: Assets/SPUM/Resources/Addons/Legacy/0_Unit/0_Sprite/0_Eye/Eye8.png
  artifactKey: Guid(2a776543787d64c05bd10d9885b6b63e) Importer(815301076,1909f56bfc062723c751e8b465ee728b)
Start importing Assets/SPUM/Resources/Addons/Legacy/0_Unit/0_Sprite/0_Eye/Eye8.png using Guid(2a776543787d64c05bd10d9885b6b63e) Importer(815301076,1909f56bfc062723c751e8b465ee728b) (PreviewImporter) -> (artifact id: '06504ff077ec4fb7640c91f239390094') in 0.0090634 seconds
Number of updated asset objects reloaded before import = 0Number of asset objects unloaded after import = 4

========================================================================
Received Import Request.
  Time since last request: 0.000008 seconds.
  path: Assets/SPUM/Basic_Resources/Backup_Eye2/Eye3.png
  artifactKey: Guid(36409b6b87f4a42668f608bce1d23cfb) Importer(815301076,1909f56bfc062723c751e8b465ee728b)
Start importing Assets/SPUM/Basic_Resources/Backup_Eye2/Eye3.png using Guid(36409b6b87f4a42668f608bce1d23cfb) Importer(815301076,1909f56bfc062723c751e8b465ee728b) (PreviewImporter) -> (artifact id: 'c6279e5ab22814379c6597db41f9c7d8') in 0.007269 seconds
Number of updated asset objects reloaded before import = 0Number of asset objects unloaded after import = 4

========================================================================
Received Import Request.
  Time since last request: 0.458910 seconds.
  path: Assets/SPUM/Basic_Resources/Backup_Eye2/Eye4.png
  artifactKey: Guid(056749da5a1014dfea71f16c2a46ae0c) Importer(815301076,1909f56bfc062723c751e8b465ee728b)
Start importing Assets/SPUM/Basic_Resources/Backup_Eye2/Eye4.png using Guid(056749da5a1014dfea71f16c2a46ae0c) Importer(815301076,1909f56bfc062723c751e8b465ee728b) (PreviewImporter) -> (artifact id: 'b7e629e0f2072781de5f5b10ba9014d0') in 0.0132818 seconds
Number of updated asset objects reloaded before import = 0Number of asset objects unloaded after import = 4

========================================================================
Received Import Request.
  Time since last request: 0.009324 seconds.
  path: Assets/SPUM/Basic_Resources/Backup_Eye2/Eye5.png
  artifactKey: Guid(baca0ba732a6842d3b8ca0f26b33edb8) Importer(815301076,1909f56bfc062723c751e8b465ee728b)
Start importing Assets/SPUM/Basic_Resources/Backup_Eye2/Eye5.png using Guid(baca0ba732a6842d3b8ca0f26b33edb8) Importer(815301076,1909f56bfc062723c751e8b465ee728b) (PreviewImporter) -> (artifact id: '7949bcbd12c98acd0d5bc93564536327') in 0.0073012 seconds
Number of updated asset objects reloaded before import = 0Number of asset objects unloaded after import = 4

========================================================================
Received Import Request.
  Time since last request: 0.447283 seconds.
  path: Assets/SPUM/Basic_Resources/Backup_Eye4/Eye0.png
  artifactKey: Guid(5f9f25273c88c47b18ed01eb8f1140b9) Importer(815301076,1909f56bfc062723c751e8b465ee728b)
Start importing Assets/SPUM/Basic_Resources/Backup_Eye4/Eye0.png using Guid(5f9f25273c88c47b18ed01eb8f1140b9) Importer(815301076,1909f56bfc062723c751e8b465ee728b) (PreviewImporter) -> (artifact id: '0eb437693eb4b65bfd35fa40258474c6') in 0.0094735 seconds
Number of updated asset objects reloaded before import = 0Number of asset objects unloaded after import = 4

========================================================================
Received Import Request.
  Time since last request: 0.006021 seconds.
  path: Assets/SPUM/Basic_Resources/Backup_Eye2/Eye8.png
  artifactKey: Guid(e86b387c3ecd94572b718dd9e71b6ffe) Importer(815301076,1909f56bfc062723c751e8b465ee728b)
Start importing Assets/SPUM/Basic_Resources/Backup_Eye2/Eye8.png using Guid(e86b387c3ecd94572b718dd9e71b6ffe) Importer(815301076,1909f56bfc062723c751e8b465ee728b) (PreviewImporter) -> (artifact id: '18edf342394f81af32fa2458bfa289e6') in 0.0072426 seconds
Number of updated asset objects reloaded before import = 0Number of asset objects unloaded after import = 4

========================================================================
Received Import Request.
  Time since last request: 0.683358 seconds.
  path: Assets/SPUM/Basic_Resources/Backup_Eye2/Eye10.png
  artifactKey: Guid(41b6e33e9b6bb4b8ea0ab08901be165d) Importer(815301076,1909f56bfc062723c751e8b465ee728b)
Start importing Assets/SPUM/Basic_Resources/Backup_Eye2/Eye10.png using Guid(41b6e33e9b6bb4b8ea0ab08901be165d) Importer(815301076,1909f56bfc062723c751e8b465ee728b) (PreviewImporter) -> (artifact id: 'cb8423d56920d9fdbc62b64d9b5970d9') in 0.0111313 seconds
Number of updated asset objects reloaded before import = 0Number of asset objects unloaded after import = 4

========================================================================
Received Import Request.
  Time since last request: 0.377755 seconds.
  path: Assets/SPUM/Basic_Resources/Backup_Eye2/Eye16.png
  artifactKey: Guid(ec88c00fec8744cc8809cc751312a2d5) Importer(815301076,1909f56bfc062723c751e8b465ee728b)
Start importing Assets/SPUM/Basic_Resources/Backup_Eye2/Eye16.png using Guid(ec88c00fec8744cc8809cc751312a2d5) Importer(815301076,1909f56bfc062723c751e8b465ee728b) (PreviewImporter) -> (artifact id: 'ccb5ec90c131aeda60de2d0dbcd27f11') in 0.0071572 seconds
Number of updated asset objects reloaded before import = 0Number of asset objects unloaded after import = 4

========================================================================
Received Import Request.
  Time since last request: 0.019060 seconds.
  path: Assets/SPUM/Basic_Resources/Backup_Eye3/Eye3.png
  artifactKey: Guid(6c6c99aec23a14500b4e5d1f76b1d157) Importer(815301076,1909f56bfc062723c751e8b465ee728b)
Start importing Assets/SPUM/Basic_Resources/Backup_Eye3/Eye3.png using Guid(6c6c99aec23a14500b4e5d1f76b1d157) Importer(815301076,1909f56bfc062723c751e8b465ee728b) (PreviewImporter) -> (artifact id: '3299252d919586953424496bc23d2f9f') in 0.0073688 seconds
Number of updated asset objects reloaded before import = 0Number of asset objects unloaded after import = 4

========================================================================
Received Import Request.
  Time since last request: 0.019315 seconds.
  path: Assets/SPUM/Resources/Addons/Legacy/0_Unit/0_Sprite/0_Eye/Eye6.png
  artifactKey: Guid(7d90004bdccf046eeb0c869afa15c342) Importer(815301076,1909f56bfc062723c751e8b465ee728b)
Start importing Assets/SPUM/Resources/Addons/Legacy/0_Unit/0_Sprite/0_Eye/Eye6.png using Guid(7d90004bdccf046eeb0c869afa15c342) Importer(815301076,1909f56bfc062723c751e8b465ee728b) (PreviewImporter) -> (artifact id: '99bbe0d8afbb3cde4dd45d413054d3d5') in 0.0065912 seconds
Number of updated asset objects reloaded before import = 0Number of asset objects unloaded after import = 4

========================================================================
Received Import Request.
  Time since last request: 0.354392 seconds.
  path: Assets/SPUM/Resources/Addons/Legacy/0_Unit/0_Sprite/0_Eye/Eye16.png
  artifactKey: Guid(e0c299db1654542d0a284e53abe2746e) Importer(815301076,1909f56bfc062723c751e8b465ee728b)
Start importing Assets/SPUM/Resources/Addons/Legacy/0_Unit/0_Sprite/0_Eye/Eye16.png using Guid(e0c299db1654542d0a284e53abe2746e) Importer(815301076,1909f56bfc062723c751e8b465ee728b) (PreviewImporter) -> (artifact id: '97ea7e315166a7fab63b1cf5798c7a77') in 0.0076459 seconds
Number of updated asset objects reloaded before import = 0Number of asset objects unloaded after import = 4

========================================================================
Received Import Request.
  Time since last request: 0.011797 seconds.
  path: Assets/SPUM/Resources/Addons/Legacy/0_Unit/0_Sprite/0_Eye/Eye_Close.png
  artifactKey: Guid(36f759892f0769b42aeec738b5a2fce9) Importer(815301076,1909f56bfc062723c751e8b465ee728b)
Start importing Assets/SPUM/Resources/Addons/Legacy/0_Unit/0_Sprite/0_Eye/Eye_Close.png using Guid(36f759892f0769b42aeec738b5a2fce9) Importer(815301076,1909f56bfc062723c751e8b465ee728b) (PreviewImporter) -> (artifact id: '101df594ef13ba2a35a43a732fc8fcef') in 0.0102147 seconds
Number of updated asset objects reloaded before import = 0Number of asset objects unloaded after import = 4

========================================================================
Received Import Request.
  Time since last request: 0.017226 seconds.
  path: Assets/SPUM/Basic_Resources/Backup_Eye1/Eye8.png
  artifactKey: Guid(671f95213a5394fe7a3d2704a916d840) Importer(815301076,1909f56bfc062723c751e8b465ee728b)
Start importing Assets/SPUM/Basic_Resources/Backup_Eye1/Eye8.png using Guid(671f95213a5394fe7a3d2704a916d840) Importer(815301076,1909f56bfc062723c751e8b465ee728b) (PreviewImporter) -> (artifact id: '59afa7bc117526afafe127563675cc6d') in 0.0073334 seconds
Number of updated asset objects reloaded before import = 0Number of asset objects unloaded after import = 4

========================================================================
Received Import Request.
  Time since last request: 0.621346 seconds.
  path: Assets/SPUM/Basic_Resources/Backup_Eye1/Eye6.png
  artifactKey: Guid(1b5e356d631424ab38da96b185259dbd) Importer(815301076,1909f56bfc062723c751e8b465ee728b)
Start importing Assets/SPUM/Basic_Resources/Backup_Eye1/Eye6.png using Guid(1b5e356d631424ab38da96b185259dbd) Importer(815301076,1909f56bfc062723c751e8b465ee728b) (PreviewImporter) -> (artifact id: '98025f6c2431ee722670040f3310d6f4') in 0.0082561 seconds
Number of updated asset objects reloaded before import = 0Number of asset objects unloaded after import = 4

========================================================================
Received Import Request.
  Time since last request: 0.018594 seconds.
  path: Assets/SPUM/Resources/Addons/Legacy/0_Unit/0_Sprite/0_Eye/Eye10.png
  artifactKey: Guid(01c9f277ec47c40b1b864b029d2004cf) Importer(815301076,1909f56bfc062723c751e8b465ee728b)
Start importing Assets/SPUM/Resources/Addons/Legacy/0_Unit/0_Sprite/0_Eye/Eye10.png using Guid(01c9f277ec47c40b1b864b029d2004cf) Importer(815301076,1909f56bfc062723c751e8b465ee728b) (PreviewImporter) -> (artifact id: '212013d2f6f30b551b074a705ea0aac9') in 0.0073663 seconds
Number of updated asset objects reloaded before import = 0Number of asset objects unloaded after import = 4

========================================================================
Received Import Request.
  Time since last request: 22.092352 seconds.
  path: Assets/Sprites/22.01a - Castle Dungeon 1.3/extras/bonus shadows (desaturated).png
  artifactKey: Guid(f984e38fff33ef341860db1878e4a0ec) Importer(815301076,1909f56bfc062723c751e8b465ee728b)
Start importing Assets/Sprites/22.01a - Castle Dungeon 1.3/extras/bonus shadows (desaturated).png using Guid(f984e38fff33ef341860db1878e4a0ec) Importer(815301076,1909f56bfc062723c751e8b465ee728b) (PreviewImporter) -> (artifact id: '278be1aab81a8849125a813e1e9cdd77') in 0.0162467 seconds
Number of updated asset objects reloaded before import = 0Number of asset objects unloaded after import = 6

========================================================================
Received Import Request.
  Time since last request: 72.869024 seconds.
  path: Assets/Sprites/Signs and objects/Destructable objects.prefab
  artifactKey: Guid(c40e456e0b9421044892943afbb4c278) Importer(815301076,1909f56bfc062723c751e8b465ee728b)
Start importing Assets/Sprites/Signs and objects/Destructable objects.prefab using Guid(c40e456e0b9421044892943afbb4c278) Importer(815301076,1909f56bfc062723c751e8b465ee728b) (PreviewImporter) -> (artifact id: '0bb667a2ee3fbdfd3b14e7f584956b23') in 0.2985189 seconds
Number of updated asset objects reloaded before import = 0Number of asset objects unloaded after import = 211

========================================================================
Received Import Request.
  Time since last request: 418.663511 seconds.
  path: Assets/Sprites/Balista/Balista bolt for shot animation NO SHADOW/Body/Bolt_For_Shots_Body_000.png
  artifactKey: Guid(54327e1d439f1b24f8d61009f1298e7f) Importer(815301076,1909f56bfc062723c751e8b465ee728b)
Start importing Assets/Sprites/Balista/Balista bolt for shot animation NO SHADOW/Body/Bolt_For_Shots_Body_000.png using Guid(54327e1d439f1b24f8d61009f1298e7f) Importer(815301076,1909f56bfc062723c751e8b465ee728b) (PreviewImporter) -> (artifact id: '0c60b126db7fb62b6fd7ed237bf7bb28') in 0.009435 seconds
Number of updated asset objects reloaded before import = 0Number of asset objects unloaded after import = 3

========================================================================
Received Import Request.
  Time since last request: 0.000018 seconds.
  path: Assets/Sprites/Balista/Balista bolt for shot animation NO SHADOW/Body/Bolt_For_Shots_Body_067.png
  artifactKey: Guid(401582a24f6b91f42929e5a114359269) Importer(815301076,1909f56bfc062723c751e8b465ee728b)
Start importing Assets/Sprites/Balista/Balista bolt for shot animation NO SHADOW/Body/Bolt_For_Shots_Body_067.png using Guid(401582a24f6b91f42929e5a114359269) Importer(815301076,1909f56bfc062723c751e8b465ee728b) (PreviewImporter) -> (artifact id: '27cb79b47815438c5dd7b1367e896ca9') in 0.0149083 seconds
Number of updated asset objects reloaded before import = 0Number of asset objects unloaded after import = 3

========================================================================
Received Import Request.
  Time since last request: 0.000015 seconds.
  path: Assets/Sprites/Balista/Balista bolt for shot animation NO SHADOW/Body/Bolt_For_Shots_Body_180.png
  artifactKey: Guid(afa31cd41dadf5a468cf574d61d9e93a) Importer(815301076,1909f56bfc062723c751e8b465ee728b)
Start importing Assets/Sprites/Balista/Balista bolt for shot animation NO SHADOW/Body/Bolt_For_Shots_Body_180.png using Guid(afa31cd41dadf5a468cf574d61d9e93a) Importer(815301076,1909f56bfc062723c751e8b465ee728b) (PreviewImporter) -> (artifact id: '62c1d7a9dfe29a3f62a8a364d502e052') in 0.0075747 seconds
Number of updated asset objects reloaded before import = 0Number of asset objects unloaded after import = 3

========================================================================
Received Import Request.
  Time since last request: 0.000017 seconds.
  path: Assets/Sprites/Balista/Balista bolt for shot animation NO SHADOW/Body/Bolt_For_Shots_Body_315.png
  artifactKey: Guid(f0863e8c422bbe84aa4619f28439bcfa) Importer(815301076,1909f56bfc062723c751e8b465ee728b)
Start importing Assets/Sprites/Balista/Balista bolt for shot animation NO SHADOW/Body/Bolt_For_Shots_Body_315.png using Guid(f0863e8c422bbe84aa4619f28439bcfa) Importer(815301076,1909f56bfc062723c751e8b465ee728b) (PreviewImporter) -> (artifact id: '10928aa3e2014eb2575827e4cda3b8dc') in 0.0102312 seconds
Number of updated asset objects reloaded before import = 0Number of asset objects unloaded after import = 3

========================================================================
Received Import Request.
  Time since last request: 0.000019 seconds.
  path: Assets/Sprites/Balista/Balista bolt for shot animation NO SHADOW/Body/Bolt_For_Shots_Body_202.png
  artifactKey: Guid(859b2a3331fa5c24c9ac853c443e2d94) Importer(815301076,1909f56bfc062723c751e8b465ee728b)
Start importing Assets/Sprites/Balista/Balista bolt for shot animation NO SHADOW/Body/Bolt_For_Shots_Body_202.png using Guid(859b2a3331fa5c24c9ac853c443e2d94) Importer(815301076,1909f56bfc062723c751e8b465ee728b) (PreviewImporter) -> (artifact id: '1a3d77d473102d7cad01de156fa9f334') in 0.0108627 seconds
Number of updated asset objects reloaded before import = 0Number of asset objects unloaded after import = 3

========================================================================
Received Import Request.
  Time since last request: 0.000014 seconds.
  path: Assets/Sprites/Balista/Balista bolt for shot animation NO SHADOW/Body/Bolt_For_Shots_Body_090.png
  artifactKey: Guid(d10476895a3ee6342b849968874b7a0d) Importer(815301076,1909f56bfc062723c751e8b465ee728b)
Start importing Assets/Sprites/Balista/Balista bolt for shot animation NO SHADOW/Body/Bolt_For_Shots_Body_090.png using Guid(d10476895a3ee6342b849968874b7a0d) Importer(815301076,1909f56bfc062723c751e8b465ee728b) (PreviewImporter) -> (artifact id: '39ca4eb09a9d81408250a673cafdf9b0') in 0.008529 seconds
Number of updated asset objects reloaded before import = 0Number of asset objects unloaded after import = 3

========================================================================
Received Import Request.
  Time since last request: 0.000013 seconds.
  path: Assets/Sprites/Balista/Balista bolt for shot animation NO SHADOW/Body/Bolt_For_Shots_Body_225.png
  artifactKey: Guid(f397ffeff33b0e3428808c8a75494679) Importer(815301076,1909f56bfc062723c751e8b465ee728b)
Start importing Assets/Sprites/Balista/Balista bolt for shot animation NO SHADOW/Body/Bolt_For_Shots_Body_225.png using Guid(f397ffeff33b0e3428808c8a75494679) Importer(815301076,1909f56bfc062723c751e8b465ee728b) (PreviewImporter) -> (artifact id: 'e92e6340a23b5e3e5f6bb8285ba7829f') in 0.0090348 seconds
Number of updated asset objects reloaded before import = 0Number of asset objects unloaded after import = 3

========================================================================
Received Import Request.
  Time since last request: 0.000015 seconds.
  path: Assets/Sprites/Balista/Balista bolt for shot animation NO SHADOW/Body/Bolt_For_Shots_Body_112.png
  artifactKey: Guid(46d549de3d0a5cf48b8bb4dd7e41d630) Importer(815301076,1909f56bfc062723c751e8b465ee728b)
Start importing Assets/Sprites/Balista/Balista bolt for shot animation NO SHADOW/Body/Bolt_For_Shots_Body_112.png using Guid(46d549de3d0a5cf48b8bb4dd7e41d630) Importer(815301076,1909f56bfc062723c751e8b465ee728b) (PreviewImporter) -> (artifact id: 'f316caeefb97e3e60d248745f1779235') in 0.0106658 seconds
Number of updated asset objects reloaded before import = 0Number of asset objects unloaded after import = 3

