Using pre-set license
Built from '6000.0/staging' branch; Version is '6000.0.32f1 (b2e806cf271c) revision 11724806'; Using compiler version '193933523'; Build Type 'Release'
OS: 'Windows 11  (10.0.26100) 64bit Core' Language: 'en' Physical Memory: 32677 MB
BatchMode: 1, IsHumanControllingUs: 0, StartBugReporterOnCrash: 0, Is64bit: 1, IsPro: 1

COMMAND LINE ARGUMENTS:
C:\Program Files\Unity\Hub\Editor\6000.0.32f1\Editor\Unity.exe
-adb2
-batchMode
-noUpm
-name
AssetImportWorker3
-projectPath
D:/Projects/Collaborative Projects/KOTT10MTS/KOTT News IRS 10MTS - Phase Three Adding SPUM
-logFile
Logs/AssetImportWorker3.log
-srvPort
64262
-job-worker-count
7
-background-job-worker-count
8
-gc-helper-count
1
Successfully changed project path to: D:/Projects/Collaborative Projects/KOTT10MTS/KOTT News IRS 10MTS - Phase Three Adding SPUM
D:/Projects/Collaborative Projects/KOTT10MTS/KOTT News IRS 10MTS - Phase Three Adding SPUM
[UnityMemory] Configuration Parameters - Can be set up in boot.config
    "memorysetup-bucket-allocator-granularity=16"
    "memorysetup-bucket-allocator-bucket-count=8"
    "memorysetup-bucket-allocator-block-size=33554432"
    "memorysetup-bucket-allocator-block-count=8"
    "memorysetup-main-allocator-block-size=16777216"
    "memorysetup-thread-allocator-block-size=16777216"
    "memorysetup-gfx-main-allocator-block-size=16777216"
    "memorysetup-gfx-thread-allocator-block-size=16777216"
    "memorysetup-cache-allocator-block-size=4194304"
    "memorysetup-typetree-allocator-block-size=2097152"
    "memorysetup-profiler-bucket-allocator-granularity=16"
    "memorysetup-profiler-bucket-allocator-bucket-count=8"
    "memorysetup-profiler-bucket-allocator-block-size=33554432"
    "memorysetup-profiler-bucket-allocator-block-count=8"
    "memorysetup-profiler-allocator-block-size=16777216"
    "memorysetup-profiler-editor-allocator-block-size=1048576"
    "memorysetup-temp-allocator-size-main=16777216"
    "memorysetup-job-temp-allocator-block-size=2097152"
    "memorysetup-job-temp-allocator-block-size-background=1048576"
    "memorysetup-job-temp-allocator-reduction-small-platforms=262144"
    "memorysetup-allocator-temp-initial-block-size-main=262144"
    "memorysetup-allocator-temp-initial-block-size-worker=262144"
    "memorysetup-temp-allocator-size-background-worker=32768"
    "memorysetup-temp-allocator-size-job-worker=262144"
    "memorysetup-temp-allocator-size-preload-manager=33554432"
    "memorysetup-temp-allocator-size-nav-mesh-worker=65536"
    "memorysetup-temp-allocator-size-audio-worker=65536"
    "memorysetup-temp-allocator-size-cloud-worker=32768"
    "memorysetup-temp-allocator-size-gi-baking-worker=262144"
    "memorysetup-temp-allocator-size-gi-baking-worker=262144"
    "memorysetup-temp-allocator-size-gi-baking-worker=262144"
    "memorysetup-temp-allocator-size-gi-baking-worker=262144"
    "memorysetup-temp-allocator-size-gi-baking-worker=262144"
    "memorysetup-temp-allocator-size-gfx=262144"
Player connection [49468]  Target information:

Player connection [49468]  * "[IP] 172.30.135.38 [Port] 0 [Flags] 2 [Guid] 3829451386 [EditorId] 3829451386 [Version] 1048832 [Id] WindowsEditor(7,Jarvis) [Debug] 1 [PackageName] WindowsEditor [ProjectName] Editor" 

Player connection [49468] Host joined multi-casting on [225.0.0.222:54997]...
Player connection [49468] Host joined alternative multi-casting on [225.0.0.222:34997]...
JobSystem: Creating JobQueue using job-worker-count value 7
[Physics::Module] Initialized fallback backend.
[Physics::Module] Id: 0xdecafbad
Library Redirect Path: Library/
[Physics::Module] Selected backend.
[Physics::Module] Name: PhysX
[Physics::Module] Id: 0xf2b8ea05
[Physics::Module] SDK Version: 4.1.2
[Physics::Module] Integration Version: 1.0.0
[Physics::Module] Threading Mode: Multi-Threaded
Refreshing native plugins compatible for Editor in 2.46 ms, found 4 plugins.
Preloading 0 native plugins for Editor in 0.00 ms.
Initialize engine version: 6000.0.32f1 (b2e806cf271c)
[Subsystems] Discovering subsystems at path C:/Program Files/Unity/Hub/Editor/6000.0.32f1/Editor/Data/Resources/UnitySubsystems
[Subsystems] Discovering subsystems at path D:/Projects/Collaborative Projects/KOTT10MTS/KOTT News IRS 10MTS - Phase Three Adding SPUM/Assets
GfxDevice: creating device client; kGfxThreadingModeNonThreaded
Direct3D:
    Version:  Direct3D 11.0 [level 11.1]
    Renderer: NVIDIA GeForce RTX 2080 SUPER (ID=0x1e81)
    Vendor:   NVIDIA
    VRAM:     7987 MB
    Driver:   32.0.15.7283
Initialize mono
Mono path[0] = 'C:/Program Files/Unity/Hub/Editor/6000.0.32f1/Editor/Data/Managed'
Mono path[1] = 'C:/Program Files/Unity/Hub/Editor/6000.0.32f1/Editor/Data/MonoBleedingEdge/lib/mono/unityjit-win32'
Mono config path = 'C:/Program Files/Unity/Hub/Editor/6000.0.32f1/Editor/Data/MonoBleedingEdge/etc'
Using monoOptions --debugger-agent=transport=dt_socket,embedding=1,server=y,suspend=n,address=127.0.0.1:56376
Begin MonoManager ReloadAssembly
Registering precompiled unity dll's ...
Register platform support module: C:/Program Files/Unity/Hub/Editor/6000.0.32f1/Editor/Data/PlaybackEngines/WebGLSupport/UnityEditor.WebGL.Extensions.dll
Register platform support module: C:/Program Files/Unity/Hub/Editor/6000.0.32f1/Editor/Data/PlaybackEngines/WindowsStandaloneSupport/UnityEditor.WindowsStandalone.Extensions.dll
Registered in 0.003847 seconds.
- Loaded All Assemblies, in  0.435 seconds
Native extension for WindowsStandalone target not found
Native extension for WebGL target not found
Mono: successfully reloaded assembly
- Finished resetting the current domain, in  0.335 seconds
Domain Reload Profiling: 765ms
	BeginReloadAssembly (141ms)
		ExecutionOrderSort (0ms)
		DisableScriptedObjects (0ms)
		BackupInstance (0ms)
		ReleaseScriptingObjects (0ms)
		CreateAndSetChildDomain (1ms)
	RebuildCommonClasses (38ms)
	RebuildNativeTypeToScriptingClass (13ms)
	initialDomainReloadingComplete (60ms)
	LoadAllAssembliesAndSetupDomain (178ms)
		LoadAssemblies (136ms)
		RebuildTransferFunctionScriptingTraits (0ms)
		AnalyzeDomain (174ms)
			TypeCache.Refresh (172ms)
				TypeCache.ScanAssembly (155ms)
			BuildScriptInfoCaches (0ms)
			ResolveRequiredComponents (0ms)
	FinalizeReload (335ms)
		ReleaseScriptCaches (0ms)
		RebuildScriptCaches (0ms)
		SetupLoadedEditorAssemblies (286ms)
			LogAssemblyErrors (0ms)
			InitializePlatformSupportModulesInManaged (24ms)
			SetLoadedEditorAssemblies (4ms)
			BeforeProcessingInitializeOnLoad (58ms)
			ProcessInitializeOnLoadAttributes (148ms)
			ProcessInitializeOnLoadMethodAttributes (52ms)
			AfterProcessingInitializeOnLoad (0ms)
			EditorAssembliesLoaded (0ms)
		ExecutionOrderSort2 (0ms)
		AwakeInstancesAfterBackupRestoration (0ms)
========================================================================
Worker process is ready to serve import requests
Import Worker Mode flag is 0x00
Begin MonoManager ReloadAssembly
- Loaded All Assemblies, in  0.865 seconds
Refreshing native plugins compatible for Editor in 1.22 ms, found 4 plugins.
Native extension for WindowsStandalone target not found
Native extension for WebGL target not found
Mono: successfully reloaded assembly
- Finished resetting the current domain, in  0.756 seconds
Domain Reload Profiling: 1616ms
	BeginReloadAssembly (167ms)
		ExecutionOrderSort (0ms)
		DisableScriptedObjects (6ms)
		BackupInstance (0ms)
		ReleaseScriptingObjects (0ms)
		CreateAndSetChildDomain (28ms)
	RebuildCommonClasses (36ms)
	RebuildNativeTypeToScriptingClass (17ms)
	initialDomainReloadingComplete (42ms)
	LoadAllAssembliesAndSetupDomain (598ms)
		LoadAssemblies (373ms)
		RebuildTransferFunctionScriptingTraits (0ms)
		AnalyzeDomain (326ms)
			TypeCache.Refresh (215ms)
				TypeCache.ScanAssembly (195ms)
			BuildScriptInfoCaches (94ms)
			ResolveRequiredComponents (11ms)
	FinalizeReload (756ms)
		ReleaseScriptCaches (0ms)
		RebuildScriptCaches (0ms)
		SetupLoadedEditorAssemblies (625ms)
			LogAssemblyErrors (0ms)
			InitializePlatformSupportModulesInManaged (3ms)
			SetLoadedEditorAssemblies (4ms)
			BeforeProcessingInitializeOnLoad (107ms)
			ProcessInitializeOnLoadAttributes (410ms)
			ProcessInitializeOnLoadMethodAttributes (95ms)
			AfterProcessingInitializeOnLoad (6ms)
			EditorAssembliesLoaded (0ms)
		ExecutionOrderSort2 (0ms)
		AwakeInstancesAfterBackupRestoration (6ms)
Launched and connected shader compiler UnityShaderCompiler.exe after 0.01 seconds
Refreshing native plugins compatible for Editor in 1.90 ms, found 4 plugins.
Preloading 0 native plugins for Editor in 0.00 ms.
Unloading 219 Unused Serialized files (Serialized files now loaded: 0)
Unloading 6629 unused Assets / (5.0 MB). Loaded Objects now: 7322.
Memory consumption went from 182.5 MB to 177.4 MB.
Total: 14.085700 ms (FindLiveObjects: 0.885400 ms CreateObjectMapping: 1.599300 ms MarkObjects: 7.822500 ms  DeleteObjects: 3.777000 ms)

========================================================================
Received Import Request.
  Time since last request: 207686.108747 seconds.
  path: Assets/SPUM/Basic_Resources/Backup_Eye5/Eye8.png
  artifactKey: Guid(adea387524d184211b1d3be38ec30261) Importer(815301076,1909f56bfc062723c751e8b465ee728b)
Start importing Assets/SPUM/Basic_Resources/Backup_Eye5/Eye8.png using Guid(adea387524d184211b1d3be38ec30261) Importer(815301076,1909f56bfc062723c751e8b465ee728b) (PreviewImporter) -> (artifact id: '6af1d6b71bd8c5d586a9474ca9c7df24') in 0.0874158 seconds
Number of updated asset objects reloaded before import = 0Number of asset objects unloaded after import = 4

========================================================================
Received Import Request.
  Time since last request: 0.393147 seconds.
  path: Assets/Sprites/Balista/Balista loaded/Ballista_Loaded_000.png
  artifactKey: Guid(d57cecca938aeca428dbc237f172d67d) Importer(815301076,1909f56bfc062723c751e8b465ee728b)
Start importing Assets/Sprites/Balista/Balista loaded/Ballista_Loaded_000.png using Guid(d57cecca938aeca428dbc237f172d67d) Importer(815301076,1909f56bfc062723c751e8b465ee728b) (PreviewImporter) -> (artifact id: '8c88cb02b4a09bfe5209951867d18696') in 0.014558 seconds
Number of updated asset objects reloaded before import = 0Number of asset objects unloaded after import = 3

========================================================================
Received Import Request.
  Time since last request: 0.487902 seconds.
  path: Assets/Sprites/Balista/Balista loaded no shadow/Ballista_Loaded_Body_180.png
  artifactKey: Guid(9a6c08af619be084f9b25d117e5c667b) Importer(815301076,1909f56bfc062723c751e8b465ee728b)
Start importing Assets/Sprites/Balista/Balista loaded no shadow/Ballista_Loaded_Body_180.png using Guid(9a6c08af619be084f9b25d117e5c667b) Importer(815301076,1909f56bfc062723c751e8b465ee728b) (PreviewImporter) -> (artifact id: 'afb15e7e7099d8dd7a35dd0a0c0aea04') in 0.0184512 seconds
Number of updated asset objects reloaded before import = 0Number of asset objects unloaded after import = 3

========================================================================
Received Import Request.
  Time since last request: 0.017420 seconds.
  path: Assets/Sprites/Balista/Balista loaded no shadow/Ballista_Loaded_Body_292.png
  artifactKey: Guid(da4a168c7590ab348872e5b0aed74aa9) Importer(815301076,1909f56bfc062723c751e8b465ee728b)
Start importing Assets/Sprites/Balista/Balista loaded no shadow/Ballista_Loaded_Body_292.png using Guid(da4a168c7590ab348872e5b0aed74aa9) Importer(815301076,1909f56bfc062723c751e8b465ee728b) (PreviewImporter) -> (artifact id: '40170a0bd42eb7748d4c6082bb7521cf') in 0.0169181 seconds
Number of updated asset objects reloaded before import = 0Number of asset objects unloaded after import = 3

========================================================================
Received Import Request.
  Time since last request: 1.085764 seconds.
  path: Assets/SPUM/Basic_Resources/UI/UI_Set1.png
  artifactKey: Guid(0d7d0bf8307514eaf81aa72f558d3fb4) Importer(815301076,1909f56bfc062723c751e8b465ee728b)
Start importing Assets/SPUM/Basic_Resources/UI/UI_Set1.png using Guid(0d7d0bf8307514eaf81aa72f558d3fb4) Importer(815301076,1909f56bfc062723c751e8b465ee728b) (PreviewImporter) -> (artifact id: '3cbbea4b5b70dda8883dc5f952252bec') in 0.1204937 seconds
Number of updated asset objects reloaded before import = 0Number of asset objects unloaded after import = 45

========================================================================
Received Import Request.
  Time since last request: 0.000012 seconds.
  path: Assets/SPUM/Resources/Addons/RetroHeroes/0_Unit/0_Sprite/2_Cloth/Cloth_Rogue_1.png
  artifactKey: Guid(0ed89491ffac8486188d7c6908fbaeab) Importer(815301076,1909f56bfc062723c751e8b465ee728b)
Start importing Assets/SPUM/Resources/Addons/RetroHeroes/0_Unit/0_Sprite/2_Cloth/Cloth_Rogue_1.png using Guid(0ed89491ffac8486188d7c6908fbaeab) Importer(815301076,1909f56bfc062723c751e8b465ee728b) (PreviewImporter) -> (artifact id: '3945316133b9d74626814193eea634d7') in 0.0192914 seconds
Number of updated asset objects reloaded before import = 0Number of asset objects unloaded after import = 5

========================================================================
Received Import Request.
  Time since last request: 0.000019 seconds.
  path: Assets/SPUM/Resources/Addons/RetroHeroes/0_Unit/0_Sprite/2_Cloth/Cloth_Knight_1.png
  artifactKey: Guid(84347eea08bcc447cbcaad17970de138) Importer(815301076,1909f56bfc062723c751e8b465ee728b)
Start importing Assets/SPUM/Resources/Addons/RetroHeroes/0_Unit/0_Sprite/2_Cloth/Cloth_Knight_1.png using Guid(84347eea08bcc447cbcaad17970de138) Importer(815301076,1909f56bfc062723c751e8b465ee728b) (PreviewImporter) -> (artifact id: 'cbf89602494b78aa72b2eec454ee3488') in 0.0207314 seconds
Number of updated asset objects reloaded before import = 0Number of asset objects unloaded after import = 5

========================================================================
Received Import Request.
  Time since last request: 0.000016 seconds.
  path: Assets/SPUM/Resources/Addons/RetroHeroes/0_Unit/0_Sprite/2_Cloth/Cloth_Healer_1.png
  artifactKey: Guid(eabb93e77c1c94895b0fefef91c89601) Importer(815301076,1909f56bfc062723c751e8b465ee728b)
Start importing Assets/SPUM/Resources/Addons/RetroHeroes/0_Unit/0_Sprite/2_Cloth/Cloth_Healer_1.png using Guid(eabb93e77c1c94895b0fefef91c89601) Importer(815301076,1909f56bfc062723c751e8b465ee728b) (PreviewImporter) -> (artifact id: '1e257a42584de2e255dab8e326789109') in 0.0585827 seconds
Number of updated asset objects reloaded before import = 0Number of asset objects unloaded after import = 5

========================================================================
Received Import Request.
  Time since last request: 0.033156 seconds.
  path: Assets/SPUM/Resources/Addons/RetroHeroes/0_Unit/0_Sprite/5_Armor/Armor_Sorcerer.png
  artifactKey: Guid(56ac1ccd50a754b648505cc6ea2ef8e5) Importer(815301076,1909f56bfc062723c751e8b465ee728b)
Start importing Assets/SPUM/Resources/Addons/RetroHeroes/0_Unit/0_Sprite/5_Armor/Armor_Sorcerer.png using Guid(56ac1ccd50a754b648505cc6ea2ef8e5) Importer(815301076,1909f56bfc062723c751e8b465ee728b) (PreviewImporter) -> (artifact id: '50b24dd3b589dff21a4f18339f3f9b1f') in 0.0116261 seconds
Number of updated asset objects reloaded before import = 0Number of asset objects unloaded after import = 3

========================================================================
Received Import Request.
  Time since last request: 0.149926 seconds.
  path: Assets/SPUM/Resources/Addons/Ver300/0_Unit/0_Sprite/4_Cloth/New_Cloth_04.png
  artifactKey: Guid(d6b31bb9a1263457d996d905401b4217) Importer(815301076,1909f56bfc062723c751e8b465ee728b)
Start importing Assets/SPUM/Resources/Addons/Ver300/0_Unit/0_Sprite/4_Cloth/New_Cloth_04.png using Guid(d6b31bb9a1263457d996d905401b4217) Importer(815301076,1909f56bfc062723c751e8b465ee728b) (PreviewImporter) -> (artifact id: 'd50fd6737b3cb93f8daa90dad5a1b149') in 0.0121117 seconds
Number of updated asset objects reloaded before import = 0Number of asset objects unloaded after import = 3

========================================================================
Received Import Request.
  Time since last request: 0.104281 seconds.
  path: Assets/SPUM/Resources/Addons/Legacy/0_Unit/0_Sprite/2_Cloth/Cloth_4.png
  artifactKey: Guid(da6895bd4082d441cbe5911031d0f43b) Importer(815301076,1909f56bfc062723c751e8b465ee728b)
Start importing Assets/SPUM/Resources/Addons/Legacy/0_Unit/0_Sprite/2_Cloth/Cloth_4.png using Guid(da6895bd4082d441cbe5911031d0f43b) Importer(815301076,1909f56bfc062723c751e8b465ee728b) (PreviewImporter) -> (artifact id: '50f50d291327545d6c2c8c3d5a94c977') in 0.0226495 seconds
Number of updated asset objects reloaded before import = 0Number of asset objects unloaded after import = 5

========================================================================
Received Import Request.
  Time since last request: 0.010531 seconds.
  path: Assets/SPUM/Resources/Addons/Ver300/0_Unit/0_Sprite/7_Armor/New_Armor_09.png
  artifactKey: Guid(e0f672d1760234cecaebc26bc4c22b6e) Importer(815301076,1909f56bfc062723c751e8b465ee728b)
Start importing Assets/SPUM/Resources/Addons/Ver300/0_Unit/0_Sprite/7_Armor/New_Armor_09.png using Guid(e0f672d1760234cecaebc26bc4c22b6e) Importer(815301076,1909f56bfc062723c751e8b465ee728b) (PreviewImporter) -> (artifact id: 'b9f69d4716b3b0604770e1fcb03db1fc') in 0.0156593 seconds
Number of updated asset objects reloaded before import = 0Number of asset objects unloaded after import = 5

========================================================================
Received Import Request.
  Time since last request: 0.000015 seconds.
  path: Assets/SPUM/Resources/Addons/Ver300/0_Unit/0_Sprite/7_Armor/New_Armor_06.png
  artifactKey: Guid(7837b3161c8b7477e9711cb259036797) Importer(815301076,1909f56bfc062723c751e8b465ee728b)
Start importing Assets/SPUM/Resources/Addons/Ver300/0_Unit/0_Sprite/7_Armor/New_Armor_06.png using Guid(7837b3161c8b7477e9711cb259036797) Importer(815301076,1909f56bfc062723c751e8b465ee728b) (PreviewImporter) -> (artifact id: 'dbb038a82d21bf2dbc3f0ffd4a129d40') in 0.0181229 seconds
Number of updated asset objects reloaded before import = 0Number of asset objects unloaded after import = 5

========================================================================
Received Import Request.
  Time since last request: 0.000020 seconds.
  path: Assets/SPUM/Resources/Addons/Legacy/0_Unit/0_Sprite/2_Cloth/Cloth_3.png
  artifactKey: Guid(a05ebb241a0b14dec9a0d4bdd31301a3) Importer(815301076,1909f56bfc062723c751e8b465ee728b)
Start importing Assets/SPUM/Resources/Addons/Legacy/0_Unit/0_Sprite/2_Cloth/Cloth_3.png using Guid(a05ebb241a0b14dec9a0d4bdd31301a3) Importer(815301076,1909f56bfc062723c751e8b465ee728b) (PreviewImporter) -> (artifact id: '9c8b712cee94f0ac2238b1dfeab054db') in 0.031161 seconds
Number of updated asset objects reloaded before import = 0Number of asset objects unloaded after import = 5

========================================================================
Received Import Request.
  Time since last request: 0.643626 seconds.
  path: Assets/SPUM/Resources/Addons/Legacy/0_Unit/0_Sprite/2_Cloth/Cloth_11.png
  artifactKey: Guid(9dc3a3dbad727427780451ecc1627898) Importer(815301076,1909f56bfc062723c751e8b465ee728b)
Start importing Assets/SPUM/Resources/Addons/Legacy/0_Unit/0_Sprite/2_Cloth/Cloth_11.png using Guid(9dc3a3dbad727427780451ecc1627898) Importer(815301076,1909f56bfc062723c751e8b465ee728b) (PreviewImporter) -> (artifact id: '64519af8884147048efb08bc93e154fa') in 0.0179094 seconds
Number of updated asset objects reloaded before import = 0Number of asset objects unloaded after import = 5

========================================================================
Received Import Request.
  Time since last request: 0.011476 seconds.
  path: Assets/SPUM/Resources/Addons/Legacy/0_Unit/0_Sprite/2_Cloth/Cloth_7.png
  artifactKey: Guid(06c8d7c33ccef4cf39e374e33835e970) Importer(815301076,1909f56bfc062723c751e8b465ee728b)
Start importing Assets/SPUM/Resources/Addons/Legacy/0_Unit/0_Sprite/2_Cloth/Cloth_7.png using Guid(06c8d7c33ccef4cf39e374e33835e970) Importer(815301076,1909f56bfc062723c751e8b465ee728b) (PreviewImporter) -> (artifact id: '913e9e682995d3871c783d89709eb96c') in 0.0206136 seconds
Number of updated asset objects reloaded before import = 0Number of asset objects unloaded after import = 5

========================================================================
Received Import Request.
  Time since last request: 0.801329 seconds.
  path: Assets/Sprites/Balista/Balista bolts for shots/Body/Bolt_For_Shots_090.png
  artifactKey: Guid(04bf41e779187fb4cad25d3cb77a028c) Importer(815301076,1909f56bfc062723c751e8b465ee728b)
Start importing Assets/Sprites/Balista/Balista bolts for shots/Body/Bolt_For_Shots_090.png using Guid(04bf41e779187fb4cad25d3cb77a028c) Importer(815301076,1909f56bfc062723c751e8b465ee728b) (PreviewImporter) -> (artifact id: 'c5c5442b91909a58c54236eb9d154792') in 0.0548411 seconds
Number of updated asset objects reloaded before import = 0Number of asset objects unloaded after import = 4

========================================================================
Received Import Request.
  Time since last request: 0.303031 seconds.
  path: Assets/Sprites/Balista/Balista bolts for shots/Body/Bolt_For_Shots_270.png
  artifactKey: Guid(03bdea8c1ee83c64a9186842424875b3) Importer(815301076,1909f56bfc062723c751e8b465ee728b)
Start importing Assets/Sprites/Balista/Balista bolts for shots/Body/Bolt_For_Shots_270.png using Guid(03bdea8c1ee83c64a9186842424875b3) Importer(815301076,1909f56bfc062723c751e8b465ee728b) (PreviewImporter) -> (artifact id: '0b3b1d699e8e91253b42c89239550398') in 0.0241348 seconds
Number of updated asset objects reloaded before import = 0Number of asset objects unloaded after import = 4

========================================================================
Received Import Request.
  Time since last request: 3.908029 seconds.
  path: Assets/Sprites/Balista/Balista bolt for shot animation NO SHADOW/Shadow/Bolt_For_Shots_Shadow_225.png
  artifactKey: Guid(763011995c34d6d43978b768f5f5e753) Importer(815301076,1909f56bfc062723c751e8b465ee728b)
Start importing Assets/Sprites/Balista/Balista bolt for shot animation NO SHADOW/Shadow/Bolt_For_Shots_Shadow_225.png using Guid(763011995c34d6d43978b768f5f5e753) Importer(815301076,1909f56bfc062723c751e8b465ee728b) (PreviewImporter) -> (artifact id: 'ab8bd77aefbca93b61266acf52095d16') in 0.013466 seconds
Number of updated asset objects reloaded before import = 0Number of asset objects unloaded after import = 3

========================================================================
Received Import Request.
  Time since last request: 3.077594 seconds.
  path: Assets/Sprites/21.08b - Bridges & More 2.2/bridges & more v1.png
  artifactKey: Guid(e3568ba0789c04646bab1d14560771ab) Importer(815301076,1909f56bfc062723c751e8b465ee728b)
Start importing Assets/Sprites/21.08b - Bridges & More 2.2/bridges & more v1.png using Guid(e3568ba0789c04646bab1d14560771ab) Importer(815301076,1909f56bfc062723c751e8b465ee728b) (PreviewImporter) -> (artifact id: '3acf8e793da2c4f924693d56abb75a25') in 0.0709679 seconds
Number of updated asset objects reloaded before import = 0Number of asset objects unloaded after import = 34

========================================================================
Received Import Request.
  Time since last request: 4.477677 seconds.
  path: Assets/SPUM/Resources/Addons/Legacy/0_Unit/0_Sprite/4_Helmet/F_SR_Helmet.png
  artifactKey: Guid(19529fa7285b247809b427d68c11abb9) Importer(815301076,1909f56bfc062723c751e8b465ee728b)
Start importing Assets/SPUM/Resources/Addons/Legacy/0_Unit/0_Sprite/4_Helmet/F_SR_Helmet.png using Guid(19529fa7285b247809b427d68c11abb9) Importer(815301076,1909f56bfc062723c751e8b465ee728b) (PreviewImporter) -> (artifact id: '662d07eedbaf0e40ae7a10fa7ce9fbaf') in 0.0148265 seconds
Number of updated asset objects reloaded before import = 0Number of asset objects unloaded after import = 3

========================================================================
Received Import Request.
  Time since last request: 0.000585 seconds.
  path: Assets/SPUM/Resources/Addons/Legacy/0_Unit/0_Sprite/1_FaceHair/FaceHair_3.png
  artifactKey: Guid(37f88f4c290f444ff8434e7b094bee9e) Importer(815301076,1909f56bfc062723c751e8b465ee728b)
Start importing Assets/SPUM/Resources/Addons/Legacy/0_Unit/0_Sprite/1_FaceHair/FaceHair_3.png using Guid(37f88f4c290f444ff8434e7b094bee9e) Importer(815301076,1909f56bfc062723c751e8b465ee728b) (PreviewImporter) -> (artifact id: '56df977cc2fac5eb72a049a0d10d6769') in 0.0116848 seconds
Number of updated asset objects reloaded before import = 0Number of asset objects unloaded after import = 3

========================================================================
Received Import Request.
  Time since last request: 0.836354 seconds.
  path: Assets/SPUM/Resources/Addons/RetroHeroes/0_Unit/0_Sprite/4_Helmet/Helmet_Knight_2.png
  artifactKey: Guid(4cc323e6b150940ad825f2daaed843cc) Importer(815301076,1909f56bfc062723c751e8b465ee728b)
Start importing Assets/SPUM/Resources/Addons/RetroHeroes/0_Unit/0_Sprite/4_Helmet/Helmet_Knight_2.png using Guid(4cc323e6b150940ad825f2daaed843cc) Importer(815301076,1909f56bfc062723c751e8b465ee728b) (PreviewImporter) -> (artifact id: '4ae90dea1075dccc27fbc45914552517') in 0.0123135 seconds
Number of updated asset objects reloaded before import = 0Number of asset objects unloaded after import = 3

========================================================================
Received Import Request.
  Time since last request: 0.350261 seconds.
  path: Assets/SPUM/Resources/Addons/RetroHeroes/0_Unit/0_Sprite/3_Pant/Pant_Rogue_1.png
  artifactKey: Guid(04a675f5d60064342afc48ec03ade3d1) Importer(815301076,1909f56bfc062723c751e8b465ee728b)
Start importing Assets/SPUM/Resources/Addons/RetroHeroes/0_Unit/0_Sprite/3_Pant/Pant_Rogue_1.png using Guid(04a675f5d60064342afc48ec03ade3d1) Importer(815301076,1909f56bfc062723c751e8b465ee728b) (PreviewImporter) -> (artifact id: '53b239a43681e0ff8791ee7d6cf03147') in 0.0129056 seconds
Number of updated asset objects reloaded before import = 0Number of asset objects unloaded after import = 4

========================================================================
Received Import Request.
  Time since last request: 1.083351 seconds.
  path: Assets/SPUM/Resources/Addons/Legacy/0_Unit/0_Sprite/6_Weapons/4_Spear/Spear_1.png
  artifactKey: Guid(e4c07de1d80de4718b58db6470c48501) Importer(815301076,1909f56bfc062723c751e8b465ee728b)
Start importing Assets/SPUM/Resources/Addons/Legacy/0_Unit/0_Sprite/6_Weapons/4_Spear/Spear_1.png using Guid(e4c07de1d80de4718b58db6470c48501) Importer(815301076,1909f56bfc062723c751e8b465ee728b) (PreviewImporter) -> (artifact id: '1e11052fa5becfeb3d9a4615503de868') in 0.0122895 seconds
Number of updated asset objects reloaded before import = 0Number of asset objects unloaded after import = 3

========================================================================
Received Import Request.
  Time since last request: 0.215454 seconds.
  path: Assets/SPUM/Resources/Addons/RetroHeroes/0_Unit/0_Sprite/6_Weapons/5_Wand/Weapon_Healer_2.png
  artifactKey: Guid(cb319f47e075b43a18ab3ed95fbb6a4a) Importer(815301076,1909f56bfc062723c751e8b465ee728b)
Start importing Assets/SPUM/Resources/Addons/RetroHeroes/0_Unit/0_Sprite/6_Weapons/5_Wand/Weapon_Healer_2.png using Guid(cb319f47e075b43a18ab3ed95fbb6a4a) Importer(815301076,1909f56bfc062723c751e8b465ee728b) (PreviewImporter) -> (artifact id: '3f8fd9d18a39286f5a5effcb299d9f2d') in 0.0110324 seconds
Number of updated asset objects reloaded before import = 0Number of asset objects unloaded after import = 3

========================================================================
Received Import Request.
  Time since last request: 0.000013 seconds.
  path: Assets/SPUM/Resources/Addons/RetroHeroes/0_Unit/0_Sprite/6_Weapons/5_Wand/Weapon_Sorcerer.png
  artifactKey: Guid(dcde8ba48bb3a4c7491271853d050e24) Importer(815301076,1909f56bfc062723c751e8b465ee728b)
Start importing Assets/SPUM/Resources/Addons/RetroHeroes/0_Unit/0_Sprite/6_Weapons/5_Wand/Weapon_Sorcerer.png using Guid(dcde8ba48bb3a4c7491271853d050e24) Importer(815301076,1909f56bfc062723c751e8b465ee728b) (PreviewImporter) -> (artifact id: '297f54d4630b043bf4ace5f5e1e85a8b') in 0.0134297 seconds
Number of updated asset objects reloaded before import = 0Number of asset objects unloaded after import = 3

========================================================================
Received Import Request.
  Time since last request: 0.000022 seconds.
  path: Assets/SPUM/Resources/Addons/RetroHeroes/0_Unit/0_Sprite/6_Weapons/0_Sword/Weapon_Knight_1.png
  artifactKey: Guid(0c258eb26e1324a988342fed9368edb8) Importer(815301076,1909f56bfc062723c751e8b465ee728b)
Start importing Assets/SPUM/Resources/Addons/RetroHeroes/0_Unit/0_Sprite/6_Weapons/0_Sword/Weapon_Knight_1.png using Guid(0c258eb26e1324a988342fed9368edb8) Importer(815301076,1909f56bfc062723c751e8b465ee728b) (PreviewImporter) -> (artifact id: 'bc430f310b8e034e69f9e43201332b2f') in 0.0115455 seconds
Number of updated asset objects reloaded before import = 0Number of asset objects unloaded after import = 3

========================================================================
Received Import Request.
  Time since last request: 8.934064 seconds.
  path: Assets/Sprites/21.02a - Royal Garden 1.1/royal sheets/royal big pot 32x64 v01.png
  artifactKey: Guid(41fcb6c2aa7b553428e828cf4e5086c7) Importer(815301076,1909f56bfc062723c751e8b465ee728b)
Start importing Assets/Sprites/21.02a - Royal Garden 1.1/royal sheets/royal big pot 32x64 v01.png using Guid(41fcb6c2aa7b553428e828cf4e5086c7) Importer(815301076,1909f56bfc062723c751e8b465ee728b) (PreviewImporter) -> (artifact id: '0448919f53a8bf85fcbdfe82da6a08f0') in 0.011425 seconds
Number of updated asset objects reloaded before import = 0Number of asset objects unloaded after import = 3

========================================================================
Received Import Request.
  Time since last request: 0.122359 seconds.
  path: Assets/Sprites/Balista/balista reload animation frames/Body/270/Reload_n_Shot_withShadow_270_0009.png
  artifactKey: Guid(6db0698727c471444bec6cb85e20983d) Importer(815301076,1909f56bfc062723c751e8b465ee728b)
Start importing Assets/Sprites/Balista/balista reload animation frames/Body/270/Reload_n_Shot_withShadow_270_0009.png using Guid(6db0698727c471444bec6cb85e20983d) Importer(815301076,1909f56bfc062723c751e8b465ee728b) (PreviewImporter) -> (artifact id: '449bbe67ab42408f9d41daef40eefb49') in 0.0133346 seconds
Number of updated asset objects reloaded before import = 0Number of asset objects unloaded after import = 3

========================================================================
Received Import Request.
  Time since last request: 0.069766 seconds.
  path: Assets/Sprites/Balista/balista reload animation frames/Body/292/Reload_n_Shot_withShadow_292_0007.png
  artifactKey: Guid(e06680720a1ddba408e797cf2314795f) Importer(815301076,1909f56bfc062723c751e8b465ee728b)
Start importing Assets/Sprites/Balista/balista reload animation frames/Body/292/Reload_n_Shot_withShadow_292_0007.png using Guid(e06680720a1ddba408e797cf2314795f) Importer(815301076,1909f56bfc062723c751e8b465ee728b) (PreviewImporter) -> (artifact id: '990eb4b6ef0bac27812d26b4511ff27f') in 0.013944 seconds
Number of updated asset objects reloaded before import = 0Number of asset objects unloaded after import = 3

========================================================================
Received Import Request.
  Time since last request: 0.273341 seconds.
  path: Assets/Sprites/Balista/balista reload animation frames/Body/337/Reload_n_Shot_withShadow_337_0001.png
  artifactKey: Guid(d170112c4f20a9c4a84ba03670171014) Importer(815301076,1909f56bfc062723c751e8b465ee728b)
Start importing Assets/Sprites/Balista/balista reload animation frames/Body/337/Reload_n_Shot_withShadow_337_0001.png using Guid(d170112c4f20a9c4a84ba03670171014) Importer(815301076,1909f56bfc062723c751e8b465ee728b) (PreviewImporter) -> (artifact id: '68813cca4516b86c5ba49cc45b2e1009') in 0.0156484 seconds
Number of updated asset objects reloaded before import = 0Number of asset objects unloaded after import = 3

========================================================================
Received Import Request.
  Time since last request: 0.069313 seconds.
  path: Assets/Sprites/Balista/balista reload animation frames/Body/337/Reload_n_Shot_withShadow_337_0008.png
  artifactKey: Guid(f4565126cfb18b74db193e00a811c59d) Importer(815301076,1909f56bfc062723c751e8b465ee728b)
Start importing Assets/Sprites/Balista/balista reload animation frames/Body/337/Reload_n_Shot_withShadow_337_0008.png using Guid(f4565126cfb18b74db193e00a811c59d) Importer(815301076,1909f56bfc062723c751e8b465ee728b) (PreviewImporter) -> (artifact id: '279c1e9d0b2b140d41dd41640c916d59') in 0.0156412 seconds
Number of updated asset objects reloaded before import = 0Number of asset objects unloaded after import = 3

========================================================================
Received Import Request.
  Time since last request: 0.000012 seconds.
  path: Assets/SPUM/Resources/Addons/Ver300/0_Unit/0_Sprite/5_Pant/New_Pant_07.png
  artifactKey: Guid(8ac8f08f2a7884907b931477b1694539) Importer(815301076,1909f56bfc062723c751e8b465ee728b)
Start importing Assets/SPUM/Resources/Addons/Ver300/0_Unit/0_Sprite/5_Pant/New_Pant_07.png using Guid(8ac8f08f2a7884907b931477b1694539) Importer(815301076,1909f56bfc062723c751e8b465ee728b) (PreviewImporter) -> (artifact id: '043f27dfd6673a478821deb4ad6e07a9') in 0.0140385 seconds
Number of updated asset objects reloaded before import = 0Number of asset objects unloaded after import = 4

========================================================================
Received Import Request.
  Time since last request: 0.000019 seconds.
  path: Assets/SPUM/Resources/Addons/Legacy/0_Unit/0_Sprite/3_Pant/Foot_4.png
  artifactKey: Guid(e17d600fcd74948bd8547a87f8f5839a) Importer(815301076,1909f56bfc062723c751e8b465ee728b)
Start importing Assets/SPUM/Resources/Addons/Legacy/0_Unit/0_Sprite/3_Pant/Foot_4.png using Guid(e17d600fcd74948bd8547a87f8f5839a) Importer(815301076,1909f56bfc062723c751e8b465ee728b) (PreviewImporter) -> (artifact id: 'b6f0390209a1feb7dfbc8a67197ced05') in 0.0150017 seconds
Number of updated asset objects reloaded before import = 0Number of asset objects unloaded after import = 4

========================================================================
Received Import Request.
  Time since last request: 0.000013 seconds.
  path: Assets/SPUM/Resources/Addons/Legacy/0_Unit/0_Sprite/3_Pant/F_SR_Pants.png
  artifactKey: Guid(50595133ffa7f47f984a134594aedcab) Importer(815301076,1909f56bfc062723c751e8b465ee728b)
Start importing Assets/SPUM/Resources/Addons/Legacy/0_Unit/0_Sprite/3_Pant/F_SR_Pants.png using Guid(50595133ffa7f47f984a134594aedcab) Importer(815301076,1909f56bfc062723c751e8b465ee728b) (PreviewImporter) -> (artifact id: '55cfe85ab1eedc57835396dfbaf42187') in 0.0145619 seconds
Number of updated asset objects reloaded before import = 0Number of asset objects unloaded after import = 4

========================================================================
Received Import Request.
  Time since last request: 0.112832 seconds.
  path: Assets/SPUM/Resources/Addons/Ver300/0_Unit/0_Sprite/2_Hair/New_Hair_02.png
  artifactKey: Guid(a221d28f8581d4b5eb0e20fee81c5cc9) Importer(815301076,1909f56bfc062723c751e8b465ee728b)
Start importing Assets/SPUM/Resources/Addons/Ver300/0_Unit/0_Sprite/2_Hair/New_Hair_02.png using Guid(a221d28f8581d4b5eb0e20fee81c5cc9) Importer(815301076,1909f56bfc062723c751e8b465ee728b) (PreviewImporter) -> (artifact id: '36246fc9c17fe51b49ace08fc954cbc2') in 0.0119152 seconds
Number of updated asset objects reloaded before import = 0Number of asset objects unloaded after import = 3

========================================================================
Received Import Request.
  Time since last request: 0.207925 seconds.
  path: Assets/SPUM/Resources/Addons/Ver300/0_Unit/0_Sprite/2_Hair/New_Hair_13.png
  artifactKey: Guid(d44027b40417a4fd88ee6ebc5e7b3ba5) Importer(815301076,1909f56bfc062723c751e8b465ee728b)
Start importing Assets/SPUM/Resources/Addons/Ver300/0_Unit/0_Sprite/2_Hair/New_Hair_13.png using Guid(d44027b40417a4fd88ee6ebc5e7b3ba5) Importer(815301076,1909f56bfc062723c751e8b465ee728b) (PreviewImporter) -> (artifact id: 'cb5d93b1f1622cabfa0695cc5d208786') in 0.0119029 seconds
Number of updated asset objects reloaded before import = 0Number of asset objects unloaded after import = 3

========================================================================
Received Import Request.
  Time since last request: 0.040547 seconds.
  path: Assets/SPUM/Resources/Addons/Ver300/0_Unit/0_Sprite/2_Hair/New_Hair_17.png
  artifactKey: Guid(33a806a2795e8465296a826af89e28e8) Importer(815301076,1909f56bfc062723c751e8b465ee728b)
Start importing Assets/SPUM/Resources/Addons/Ver300/0_Unit/0_Sprite/2_Hair/New_Hair_17.png using Guid(33a806a2795e8465296a826af89e28e8) Importer(815301076,1909f56bfc062723c751e8b465ee728b) (PreviewImporter) -> (artifact id: '81f75bbbd846c337fcbb95c711d9b7e0') in 0.0116589 seconds
Number of updated asset objects reloaded before import = 0Number of asset objects unloaded after import = 3

========================================================================
Received Import Request.
  Time since last request: 1.814846 seconds.
  path: Assets/Sprites/20.10b - Grand Library 2.2/sliceable objects/grand library 32x48 v02.png
  artifactKey: Guid(4a8ebc2b868fb98449d10f87d43a1200) Importer(815301076,1909f56bfc062723c751e8b465ee728b)
Start importing Assets/Sprites/20.10b - Grand Library 2.2/sliceable objects/grand library 32x48 v02.png using Guid(4a8ebc2b868fb98449d10f87d43a1200) Importer(815301076,1909f56bfc062723c751e8b465ee728b) (PreviewImporter) -> (artifact id: '2b829e65c3df824323fc86602ae83e3e') in 0.0235907 seconds
Number of updated asset objects reloaded before import = 0Number of asset objects unloaded after import = 6

========================================================================
Received Import Request.
  Time since last request: 0.054148 seconds.
  path: Assets/Sprites/20.10b - Grand Library 2.2/bookshelves/grand library, empty bookshelf A v03.png
  artifactKey: Guid(78d4dade0f6cf044d897cd26dc2e0610) Importer(815301076,1909f56bfc062723c751e8b465ee728b)
Start importing Assets/Sprites/20.10b - Grand Library 2.2/bookshelves/grand library, empty bookshelf A v03.png using Guid(78d4dade0f6cf044d897cd26dc2e0610) Importer(815301076,1909f56bfc062723c751e8b465ee728b) (PreviewImporter) -> (artifact id: '8570b4af3470498abc94c6eb38867bb7') in 0.0118608 seconds
Number of updated asset objects reloaded before import = 0Number of asset objects unloaded after import = 3

========================================================================
Received Import Request.
  Time since last request: 0.025968 seconds.
  path: Assets/SPUM/Resources/Addons/Legacy/0_Unit/0_Sprite/0_Hair/Hair_2.png
  artifactKey: Guid(6fc5cbe113e51416e9daa8f0ba7ee5dd) Importer(815301076,1909f56bfc062723c751e8b465ee728b)
Start importing Assets/SPUM/Resources/Addons/Legacy/0_Unit/0_Sprite/0_Hair/Hair_2.png using Guid(6fc5cbe113e51416e9daa8f0ba7ee5dd) Importer(815301076,1909f56bfc062723c751e8b465ee728b) (PreviewImporter) -> (artifact id: '097931e9d69a3420ffb651db00491e8b') in 0.012754 seconds
Number of updated asset objects reloaded before import = 0Number of asset objects unloaded after import = 3

========================================================================
Received Import Request.
  Time since last request: 0.000013 seconds.
  path: Assets/SPUM/Resources/Addons/Legacy/0_Unit/0_Sprite/0_Hair/Hair_6.png
  artifactKey: Guid(f63083452d68c460db811918d4f6f323) Importer(815301076,1909f56bfc062723c751e8b465ee728b)
Start importing Assets/SPUM/Resources/Addons/Legacy/0_Unit/0_Sprite/0_Hair/Hair_6.png using Guid(f63083452d68c460db811918d4f6f323) Importer(815301076,1909f56bfc062723c751e8b465ee728b) (PreviewImporter) -> (artifact id: '25d7fdc122cce5fa493d33760f6cb51e') in 0.0136645 seconds
Number of updated asset objects reloaded before import = 0Number of asset objects unloaded after import = 3

========================================================================
Received Import Request.
  Time since last request: 0.006339 seconds.
  path: Assets/SPUM/Resources/Addons/RetroHeroes/0_Unit/0_Sprite/0_Hair/Hair_Archer_1.png
  artifactKey: Guid(8cc4bd86b29e54cdbb91126ad2b3c5df) Importer(815301076,1909f56bfc062723c751e8b465ee728b)
Start importing Assets/SPUM/Resources/Addons/RetroHeroes/0_Unit/0_Sprite/0_Hair/Hair_Archer_1.png using Guid(8cc4bd86b29e54cdbb91126ad2b3c5df) Importer(815301076,1909f56bfc062723c751e8b465ee728b) (PreviewImporter) -> (artifact id: '8091b7cd520ff7bb13a2652bb3805599') in 0.0126979 seconds
Number of updated asset objects reloaded before import = 0Number of asset objects unloaded after import = 3

========================================================================
Received Import Request.
  Time since last request: 0.191959 seconds.
  path: Assets/Sprites/Cauldron/Cauldron_V2.png
  artifactKey: Guid(fa9001ffd6c33564bb806bc493f3d260) Importer(815301076,1909f56bfc062723c751e8b465ee728b)
Start importing Assets/Sprites/Cauldron/Cauldron_V2.png using Guid(fa9001ffd6c33564bb806bc493f3d260) Importer(815301076,1909f56bfc062723c751e8b465ee728b) (PreviewImporter) -> (artifact id: '6af324738be927d21a7451627aa0788d') in 0.0204281 seconds
Number of updated asset objects reloaded before import = 0Number of asset objects unloaded after import = 3

========================================================================
Received Import Request.
  Time since last request: 0.000015 seconds.
  path: Assets/SPUM/Basic_Resources/UI/Icons/Circle Filled.png
  artifactKey: Guid(5dd3dd8c7d3872841aae89a3539bb5ef) Importer(815301076,1909f56bfc062723c751e8b465ee728b)
Start importing Assets/SPUM/Basic_Resources/UI/Icons/Circle Filled.png using Guid(5dd3dd8c7d3872841aae89a3539bb5ef) Importer(815301076,1909f56bfc062723c751e8b465ee728b) (PreviewImporter) -> (artifact id: '78df95d4f3d74d2c369faa36422a50cd') in 0.0110303 seconds
Number of updated asset objects reloaded before import = 0Number of asset objects unloaded after import = 3

========================================================================
Received Import Request.
  Time since last request: 0.000017 seconds.
  path: Assets/SPUM/Basic_Resources/UI/Icons/Check.png
  artifactKey: Guid(1c1bef4b40e990c42aed6432ebd324ef) Importer(815301076,1909f56bfc062723c751e8b465ee728b)
Start importing Assets/SPUM/Basic_Resources/UI/Icons/Check.png using Guid(1c1bef4b40e990c42aed6432ebd324ef) Importer(815301076,1909f56bfc062723c751e8b465ee728b) (PreviewImporter) -> (artifact id: 'a9dc475681101f1e76d1cdb5708d20c9') in 0.0236398 seconds
Number of updated asset objects reloaded before import = 0Number of asset objects unloaded after import = 4

Editor requested this worker to shutdown with reason: Scaling down because of idle timeout
AssetImportWorker is now disconnected from the server
Process exiting
Exiting without the bug reporter. Application will terminate with return code 0